{"/Users/mavt/dev/react-gifs-app/src/GifsApp.tsx": {"path":"/Users/mavt/dev/react-gifs-app/src/GifsApp.tsx","statementMap":{"0":{"start":{"line":7,"column":23},"end":{"line":28,"column":null}},"1":{"start":{"line":8,"column":70},"end":{"line":9,"column":null}},"2":{"start":{"line":11,"column":2},"end":{"line":25,"column":null}}},"fnMap":{"0":{"name":"(anonymous_0)","decl":{"start":{"line":7,"column":23},"end":{"line":7,"column":null}},"loc":{"start":{"line":7,"column":23},"end":{"line":28,"column":null}},"line":7}},"branchMap":{},"s":{"0":1,"1":1,"2":1},"f":{"0":1},"b":{},"meta":{"lastBranch":0,"lastFunction":1,"lastStatement":3,"seen":{"s:7:23:28:Infinity":0,"f:7:23:7:Infinity":0,"s:8:70:9:Infinity":1,"s:11:2:25:Infinity":2}}}
,"/Users/mavt/dev/react-gifs-app/src/counter/components/MyCounterApp.tsx": {"path":"/Users/mavt/dev/react-gifs-app/src/counter/components/MyCounterApp.tsx","statementMap":{"0":{"start":{"line":3,"column":28},"end":{"line":19,"column":null}},"1":{"start":{"line":4,"column":59},"end":{"line":4,"column":null}},"2":{"start":{"line":6,"column":2},"end":{"line":15,"column":null}}},"fnMap":{"0":{"name":"(anonymous_0)","decl":{"start":{"line":3,"column":28},"end":{"line":3,"column":null}},"loc":{"start":{"line":3,"column":28},"end":{"line":19,"column":null}},"line":3}},"branchMap":{},"s":{"0":2,"1":5,"2":5},"f":{"0":5},"b":{},"meta":{"lastBranch":0,"lastFunction":1,"lastStatement":3,"seen":{"s:3:28:19:Infinity":0,"f:3:28:3:Infinity":0,"s:4:59:4:Infinity":1,"s:6:2:15:Infinity":2}}}
,"/Users/mavt/dev/react-gifs-app/src/counter/hooks/useCounter.tsx": {"path":"/Users/mavt/dev/react-gifs-app/src/counter/hooks/useCounter.tsx","statementMap":{"0":{"start":{"line":3,"column":26},"end":{"line":27,"column":null}},"1":{"start":{"line":4,"column":29},"end":{"line":4,"column":null}},"2":{"start":{"line":6,"column":20},"end":{"line":8,"column":null}},"3":{"start":{"line":7,"column":4},"end":{"line":7,"column":null}},"4":{"start":{"line":10,"column":25},"end":{"line":12,"column":null}},"5":{"start":{"line":11,"column":4},"end":{"line":11,"column":null}},"6":{"start":{"line":11,"column":30},"end":{"line":11,"column":null}},"7":{"start":{"line":14,"column":22},"end":{"line":16,"column":null}},"8":{"start":{"line":15,"column":4},"end":{"line":15,"column":null}},"9":{"start":{"line":18,"column":2},"end":{"line":26,"column":null}}},"fnMap":{"0":{"name":"(anonymous_0)","decl":{"start":{"line":3,"column":26},"end":{"line":3,"column":27}},"loc":{"start":{"line":3,"column":52},"end":{"line":27,"column":null}},"line":3},"1":{"name":"(anonymous_1)","decl":{"start":{"line":6,"column":20},"end":{"line":6,"column":null}},"loc":{"start":{"line":6,"column":20},"end":{"line":8,"column":null}},"line":6},"2":{"name":"(anonymous_2)","decl":{"start":{"line":10,"column":25},"end":{"line":10,"column":null}},"loc":{"start":{"line":10,"column":25},"end":{"line":12,"column":null}},"line":10},"3":{"name":"(anonymous_3)","decl":{"start":{"line":11,"column":15},"end":{"line":11,"column":16}},"loc":{"start":{"line":11,"column":30},"end":{"line":11,"column":null}},"line":11},"4":{"name":"(anonymous_4)","decl":{"start":{"line":14,"column":22},"end":{"line":14,"column":null}},"loc":{"start":{"line":14,"column":22},"end":{"line":16,"column":null}},"line":14}},"branchMap":{"0":{"loc":{"start":{"line":3,"column":27},"end":{"line":3,"column":52}},"type":"default-arg","locations":[{"start":{"line":3,"column":50},"end":{"line":3,"column":52}}],"line":3}},"s":{"0":2,"1":12,"2":12,"3":3,"4":12,"5":1,"6":1,"7":12,"8":1,"9":12},"f":{"0":12,"1":3,"2":1,"3":1,"4":1},"b":{"0":[12]},"meta":{"lastBranch":1,"lastFunction":5,"lastStatement":10,"seen":{"s:3:26:27:Infinity":0,"f:3:26:3:27":0,"b:3:50:3:52":0,"s:4:29:4:Infinity":1,"s:6:20:8:Infinity":2,"f:6:20:6:Infinity":1,"s:7:4:7:Infinity":3,"s:10:25:12:Infinity":4,"f:10:25:10:Infinity":2,"s:11:4:11:Infinity":5,"f:11:15:11:16":3,"s:11:30:11:Infinity":6,"s:14:22:16:Infinity":7,"f:14:22:14:Infinity":4,"s:15:4:15:Infinity":8,"s:18:2:26:Infinity":9}}}
,"/Users/mavt/dev/react-gifs-app/src/gifs/actions/getGifsByQuery.ts": {"path":"/Users/mavt/dev/react-gifs-app/src/gifs/actions/getGifsByQuery.ts","statementMap":{"0":{"start":{"line":5,"column":30},"end":{"line":29,"column":null}},"1":{"start":{"line":6,"column":2},"end":{"line":8,"column":null}},"2":{"start":{"line":7,"column":4},"end":{"line":7,"column":null}},"3":{"start":{"line":10,"column":2},"end":{"line":28,"column":null}},"4":{"start":{"line":11,"column":21},"end":{"line":16,"column":null}},"5":{"start":{"line":18,"column":4},"end":{"line":24,"column":null}},"6":{"start":{"line":18,"column":44},"end":{"line":24,"column":null}},"7":{"start":{"line":26,"column":4},"end":{"line":26,"column":null}},"8":{"start":{"line":27,"column":4},"end":{"line":27,"column":null}}},"fnMap":{"0":{"name":"(anonymous_0)","decl":{"start":{"line":5,"column":30},"end":{"line":5,"column":37}},"loc":{"start":{"line":5,"column":37},"end":{"line":29,"column":null}},"line":5},"1":{"name":"(anonymous_1)","decl":{"start":{"line":18,"column":34},"end":{"line":18,"column":35}},"loc":{"start":{"line":18,"column":44},"end":{"line":24,"column":null}},"line":18}},"branchMap":{"0":{"loc":{"start":{"line":6,"column":2},"end":{"line":8,"column":null}},"type":"if","locations":[{"start":{"line":6,"column":2},"end":{"line":8,"column":null}},{"start":{},"end":{}}],"line":6}},"s":{"0":2,"1":3,"2":1,"3":2,"4":2,"5":1,"6":10,"7":1,"8":1},"f":{"0":3,"1":10},"b":{"0":[1,2]},"meta":{"lastBranch":1,"lastFunction":2,"lastStatement":9,"seen":{"s:5:30:29:Infinity":0,"f:5:30:5:37":0,"b:6:2:8:Infinity:undefined:undefined:undefined:undefined":0,"s:6:2:8:Infinity":1,"s:7:4:7:Infinity":2,"s:10:2:28:Infinity":3,"s:11:21:16:Infinity":4,"s:18:4:24:Infinity":5,"f:18:34:18:35":1,"s:18:44:24:Infinity":6,"s:26:4:26:Infinity":7,"s:27:4:27:Infinity":8}}}
,"/Users/mavt/dev/react-gifs-app/src/gifs/api/giphyApi.ts": {"path":"/Users/mavt/dev/react-gifs-app/src/gifs/api/giphyApi.ts","statementMap":{"0":{"start":{"line":3,"column":24},"end":{"line":9,"column":null}}},"fnMap":{},"branchMap":{},"s":{"0":3},"f":{},"b":{},"meta":{"lastBranch":0,"lastFunction":0,"lastStatement":1,"seen":{"s:3:24:9:Infinity":0}}}
,"/Users/mavt/dev/react-gifs-app/src/gifs/components/GifsList.tsx": {"path":"/Users/mavt/dev/react-gifs-app/src/gifs/components/GifsList.tsx","statementMap":{"0":{"start":{"line":7,"column":24},"end":{"line":21,"column":null}},"1":{"start":{"line":8,"column":2},"end":{"line":11,"column":26}},"2":{"start":{"line":10,"column":18},"end":{"line":11,"column":26}}},"fnMap":{"0":{"name":"(anonymous_0)","decl":{"start":{"line":7,"column":24},"end":{"line":7,"column":25}},"loc":{"start":{"line":7,"column":40},"end":{"line":21,"column":null}},"line":7},"1":{"name":"(anonymous_1)","decl":{"start":{"line":10,"column":17},"end":{"line":10,"column":18}},"loc":{"start":{"line":10,"column":18},"end":{"line":11,"column":26}},"line":10}},"branchMap":{},"s":{"0":1,"1":1,"2":0},"f":{"0":1,"1":0},"b":{},"meta":{"lastBranch":0,"lastFunction":2,"lastStatement":3,"seen":{"s:7:24:21:Infinity":0,"f:7:24:7:25":0,"s:8:2:11:26":1,"f:10:17:10:18":1,"s:10:18:11:26":2}}}
,"/Users/mavt/dev/react-gifs-app/src/gifs/components/PreviousSearches.tsx": {"path":"/Users/mavt/dev/react-gifs-app/src/gifs/components/PreviousSearches.tsx","statementMap":{"0":{"start":{"line":6,"column":32},"end":{"line":19,"column":null}},"1":{"start":{"line":7,"column":2},"end":{"line":12,"column":27}},"2":{"start":{"line":11,"column":24},"end":{"line":12,"column":27}},"3":{"start":{"line":12,"column":42},"end":{"line":12,"column":null}}},"fnMap":{"0":{"name":"(anonymous_0)","decl":{"start":{"line":6,"column":32},"end":{"line":6,"column":33}},"loc":{"start":{"line":6,"column":67},"end":{"line":19,"column":null}},"line":6},"1":{"name":"(anonymous_1)","decl":{"start":{"line":11,"column":23},"end":{"line":11,"column":24}},"loc":{"start":{"line":11,"column":24},"end":{"line":12,"column":27}},"line":11},"2":{"name":"(anonymous_2)","decl":{"start":{"line":12,"column":36},"end":{"line":12,"column":42}},"loc":{"start":{"line":12,"column":42},"end":{"line":12,"column":null}},"line":12}},"branchMap":{},"s":{"0":1,"1":1,"2":0,"3":0},"f":{"0":1,"1":0,"2":0},"b":{},"meta":{"lastBranch":0,"lastFunction":3,"lastStatement":4,"seen":{"s:6:32:19:Infinity":0,"f:6:32:6:33":0,"s:7:2:12:27":1,"f:11:23:11:24":1,"s:11:24:12:27":2,"f:12:36:12:42":2,"s:12:42:12:Infinity":3}}}
,"/Users/mavt/dev/react-gifs-app/src/gifs/hooks/useGifs.tsx": {"path":"/Users/mavt/dev/react-gifs-app/src/gifs/hooks/useGifs.tsx","statementMap":{"0":{"start":{"line":7,"column":23},"end":{"line":49,"column":null}},"1":{"start":{"line":8,"column":23},"end":{"line":8,"column":null}},"2":{"start":{"line":9,"column":47},"end":{"line":9,"column":null}},"3":{"start":{"line":10,"column":8},"end":{"line":10,"column":null}},"4":{"start":{"line":12,"column":31},"end":{"line":20,"column":null}},"5":{"start":{"line":13,"column":4},"end":{"line":16,"column":null}},"6":{"start":{"line":14,"column":6},"end":{"line":14,"column":null}},"7":{"start":{"line":15,"column":6},"end":{"line":15,"column":null}},"8":{"start":{"line":18,"column":17},"end":{"line":18,"column":null}},"9":{"start":{"line":19,"column":4},"end":{"line":19,"column":null}},"10":{"start":{"line":22,"column":23},"end":{"line":41,"column":null}},"11":{"start":{"line":23,"column":4},"end":{"line":25,"column":null}},"12":{"start":{"line":24,"column":6},"end":{"line":24,"column":null}},"13":{"start":{"line":27,"column":28},"end":{"line":27,"column":null}},"14":{"start":{"line":29,"column":4},"end":{"line":31,"column":null}},"15":{"start":{"line":30,"column":6},"end":{"line":30,"column":null}},"16":{"start":{"line":33,"column":17},"end":{"line":33,"column":null}},"17":{"start":{"line":34,"column":4},"end":{"line":34,"column":null}},"18":{"start":{"line":36,"column":4},"end":{"line":36,"column":null}},"19":{"start":{"line":38,"column":4},"end":{"line":39,"column":null}},"20":{"start":{"line":39,"column":6},"end":{"line":39,"column":null}},"21":{"start":{"line":43,"column":2},"end":{"line":48,"column":null}}},"fnMap":{"0":{"name":"(anonymous_0)","decl":{"start":{"line":7,"column":23},"end":{"line":7,"column":null}},"loc":{"start":{"line":7,"column":23},"end":{"line":49,"column":null}},"line":7},"1":{"name":"(anonymous_1)","decl":{"start":{"line":12,"column":31},"end":{"line":12,"column":38}},"loc":{"start":{"line":12,"column":38},"end":{"line":20,"column":null}},"line":12},"2":{"name":"(anonymous_2)","decl":{"start":{"line":22,"column":23},"end":{"line":22,"column":30}},"loc":{"start":{"line":22,"column":49},"end":{"line":41,"column":null}},"line":22},"3":{"name":"(anonymous_3)","decl":{"start":{"line":38,"column":24},"end":{"line":38,"column":25}},"loc":{"start":{"line":39,"column":6},"end":{"line":39,"column":null}},"line":39}},"branchMap":{"0":{"loc":{"start":{"line":13,"column":4},"end":{"line":16,"column":null}},"type":"if","locations":[{"start":{"line":13,"column":4},"end":{"line":16,"column":null}},{"start":{},"end":{}}],"line":13},"1":{"loc":{"start":{"line":22,"column":30},"end":{"line":22,"column":49}},"type":"default-arg","locations":[{"start":{"line":22,"column":47},"end":{"line":22,"column":49}}],"line":22},"2":{"loc":{"start":{"line":23,"column":4},"end":{"line":25,"column":null}},"type":"if","locations":[{"start":{"line":23,"column":4},"end":{"line":25,"column":null}},{"start":{},"end":{}}],"line":23},"3":{"loc":{"start":{"line":29,"column":4},"end":{"line":31,"column":null}},"type":"if","locations":[{"start":{"line":29,"column":4},"end":{"line":31,"column":null}},{"start":{},"end":{}}],"line":29}},"s":{"0":1,"1":1,"2":1,"3":1,"4":1,"5":0,"6":0,"7":0,"8":0,"9":0,"10":1,"11":0,"12":0,"13":0,"14":0,"15":0,"16":0,"17":0,"18":0,"19":0,"20":0,"21":1},"f":{"0":1,"1":0,"2":0,"3":0},"b":{"0":[0,0],"1":[0],"2":[0,0],"3":[0,0]},"meta":{"lastBranch":4,"lastFunction":4,"lastStatement":22,"seen":{"s:7:23:49:Infinity":0,"f:7:23:7:Infinity":0,"s:8:23:8:Infinity":1,"s:9:47:9:Infinity":2,"s:10:8:10:Infinity":3,"s:12:31:20:Infinity":4,"f:12:31:12:38":1,"b:13:4:16:Infinity:undefined:undefined:undefined:undefined":0,"s:13:4:16:Infinity":5,"s:14:6:14:Infinity":6,"s:15:6:15:Infinity":7,"s:18:17:18:Infinity":8,"s:19:4:19:Infinity":9,"s:22:23:41:Infinity":10,"f:22:23:22:30":2,"b:22:47:22:49":1,"b:23:4:25:Infinity:undefined:undefined:undefined:undefined":2,"s:23:4:25:Infinity":11,"s:24:6:24:Infinity":12,"s:27:28:27:Infinity":13,"b:29:4:31:Infinity:undefined:undefined:undefined:undefined":3,"s:29:4:31:Infinity":14,"s:30:6:30:Infinity":15,"s:33:17:33:Infinity":16,"s:34:4:34:Infinity":17,"s:36:4:36:Infinity":18,"s:38:4:39:Infinity":19,"f:38:24:38:25":3,"s:39:6:39:Infinity":20,"s:43:2:48:Infinity":21}}}
,"/Users/mavt/dev/react-gifs-app/src/shared/components/CustomHeader.tsx": {"path":"/Users/mavt/dev/react-gifs-app/src/shared/components/CustomHeader.tsx","statementMap":{"0":{"start":{"line":6,"column":28},"end":{"line":13,"column":null}},"1":{"start":{"line":7,"column":2},"end":{"line":10,"column":null}}},"fnMap":{"0":{"name":"(anonymous_0)","decl":{"start":{"line":6,"column":28},"end":{"line":6,"column":29}},"loc":{"start":{"line":6,"column":58},"end":{"line":13,"column":null}},"line":6}},"branchMap":{"0":{"loc":{"start":{"line":10,"column":10},"end":{"line":10,"column":null}},"type":"binary-expr","locations":[{"start":{"line":10,"column":10},"end":{"line":10,"column":25}},{"start":{"line":10,"column":25},"end":{"line":10,"column":null}}],"line":10}},"s":{"0":2,"1":4},"f":{"0":4},"b":{"0":[4,2]},"meta":{"lastBranch":1,"lastFunction":1,"lastStatement":2,"seen":{"s:6:28:13:Infinity":0,"f:6:28:6:29":0,"s:7:2:10:Infinity":1,"b:10:10:10:25:10:25:10:Infinity":0}}}
,"/Users/mavt/dev/react-gifs-app/src/shared/components/SearchBar.tsx": {"path":"/Users/mavt/dev/react-gifs-app/src/shared/components/SearchBar.tsx","statementMap":{"0":{"start":{"line":13,"column":25},"end":{"line":50,"column":null}},"1":{"start":{"line":14,"column":27},"end":{"line":14,"column":null}},"2":{"start":{"line":16,"column":2},"end":{"line":22,"column":null}},"3":{"start":{"line":17,"column":22},"end":{"line":19,"column":null}},"4":{"start":{"line":18,"column":6},"end":{"line":18,"column":null}},"5":{"start":{"line":21,"column":4},"end":{"line":21,"column":null}},"6":{"start":{"line":21,"column":17},"end":{"line":21,"column":null}},"7":{"start":{"line":24,"column":23},"end":{"line":26,"column":null}},"8":{"start":{"line":25,"column":4},"end":{"line":25,"column":null}},"9":{"start":{"line":28,"column":28},"end":{"line":30,"column":null}},"10":{"start":{"line":29,"column":4},"end":{"line":29,"column":null}},"11":{"start":{"line":32,"column":25},"end":{"line":36,"column":null}},"12":{"start":{"line":33,"column":4},"end":{"line":35,"column":null}},"13":{"start":{"line":34,"column":6},"end":{"line":34,"column":null}},"14":{"start":{"line":38,"column":2},"end":{"line":47,"column":null}}},"fnMap":{"0":{"name":"(anonymous_0)","decl":{"start":{"line":13,"column":25},"end":{"line":13,"column":26}},"loc":{"start":{"line":13,"column":57},"end":{"line":50,"column":null}},"line":13},"1":{"name":"(anonymous_1)","decl":{"start":{"line":16,"column":12},"end":{"line":16,"column":null}},"loc":{"start":{"line":16,"column":12},"end":{"line":22,"column":5}},"line":16},"2":{"name":"(anonymous_2)","decl":{"start":{"line":17,"column":33},"end":{"line":17,"column":null}},"loc":{"start":{"line":17,"column":33},"end":{"line":19,"column":7}},"line":17},"3":{"name":"(anonymous_3)","decl":{"start":{"line":21,"column":11},"end":{"line":21,"column":17}},"loc":{"start":{"line":21,"column":17},"end":{"line":21,"column":null}},"line":21},"4":{"name":"(anonymous_4)","decl":{"start":{"line":24,"column":23},"end":{"line":24,"column":null}},"loc":{"start":{"line":24,"column":23},"end":{"line":26,"column":null}},"line":24},"5":{"name":"(anonymous_5)","decl":{"start":{"line":28,"column":28},"end":{"line":28,"column":29}},"loc":{"start":{"line":28,"column":29},"end":{"line":30,"column":null}},"line":28},"6":{"name":"(anonymous_6)","decl":{"start":{"line":32,"column":25},"end":{"line":32,"column":26}},"loc":{"start":{"line":32,"column":26},"end":{"line":36,"column":null}},"line":32}},"branchMap":{"0":{"loc":{"start":{"line":33,"column":4},"end":{"line":35,"column":null}},"type":"if","locations":[{"start":{"line":33,"column":4},"end":{"line":35,"column":null}},{"start":{},"end":{}}],"line":33}},"s":{"0":2,"1":12,"2":12,"3":12,"4":2,"5":12,"6":12,"7":12,"8":1,"9":12,"10":6,"11":12,"12":0,"13":0,"14":12},"f":{"0":12,"1":12,"2":2,"3":12,"4":1,"5":6,"6":0},"b":{"0":[0,0]},"meta":{"lastBranch":1,"lastFunction":7,"lastStatement":15,"seen":{"s:13:25:50:Infinity":0,"f:13:25:13:26":0,"s:14:27:14:Infinity":1,"s:16:2:22:Infinity":2,"f:16:12:16:Infinity":1,"s:17:22:19:Infinity":3,"f:17:33:17:Infinity":2,"s:18:6:18:Infinity":4,"s:21:4:21:Infinity":5,"f:21:11:21:17":3,"s:21:17:21:Infinity":6,"s:24:23:26:Infinity":7,"f:24:23:24:Infinity":4,"s:25:4:25:Infinity":8,"s:28:28:30:Infinity":9,"f:28:28:28:29":5,"s:29:4:29:Infinity":10,"s:32:25:36:Infinity":11,"f:32:25:32:26":6,"b:33:4:35:Infinity:undefined:undefined:undefined:undefined":0,"s:33:4:35:Infinity":12,"s:34:6:34:Infinity":13,"s:38:2:47:Infinity":14}}}
,"/Users/mavt/dev/react-gifs-app/src/test/gifs/mocks/giphySearchResponseMock.ts": {"path":"/Users/mavt/dev/react-gifs-app/src/test/gifs/mocks/giphySearchResponseMock.ts","statementMap":{"0":{"start":{"line":1,"column":39},"end":{"line":2158,"column":null}}},"fnMap":{},"branchMap":{},"s":{"0":1},"f":{},"b":{},"meta":{"lastBranch":0,"lastFunction":0,"lastStatement":1,"seen":{"s:1:39:2158:Infinity":0}}}
}
